08/20/2020 01:46:47 AM [INFO] Success, data received!
08/20/2020 01:46:47 AM [INFO] Homework found
08/20/2020 01:46:47 AM [INFO] Homework name found
08/20/2020 01:46:47 AM [INFO] Success, message sent!
08/20/2020 02:06:11 AM [INFO] Success, data received!
08/20/2020 02:06:11 AM [INFO] Homework found
08/20/2020 02:06:11 AM [INFO] Homework name found
08/20/2020 02:06:11 AM [INFO] Success, message sent!
08/20/2020 11:02:44 AM [INFO] Success, data received!
08/20/2020 11:02:44 AM [INFO] Homework found
08/20/2020 11:02:44 AM [INFO] Homework name found
08/20/2020 11:18:23 AM [INFO] Success, data received!
08/20/2020 11:18:23 AM [INFO] Homework found
08/20/2020 11:18:23 AM [INFO] Homework name found
08/20/2020 11:18:23 AM [INFO] Success, message sent!
08/20/2020 01:01:20 PM [INFO] Success, data received!
08/20/2020 01:01:54 PM [INFO] Success, data received!
08/20/2020 01:02:29 PM [INFO] Success, data received!
08/20/2020 01:05:15 PM [INFO] Success, data received!
08/20/2020 01:05:34 PM [INFO] Success, data received!
08/20/2020 01:05:34 PM [INFO] Homework found
08/20/2020 01:05:34 PM [INFO] Homework name found
08/20/2020 01:05:34 PM [INFO] Homework status found
08/20/2020 01:05:34 PM [INFO] Success, message sent!
08/20/2020 01:21:25 PM [INFO] Success, bot created!
08/20/2020 01:21:25 PM [INFO] Success, data received!
08/20/2020 01:21:52 PM [INFO] Success, bot created!
08/20/2020 01:21:52 PM [INFO] Success, data received!
08/20/2020 01:21:52 PM [INFO] Homework found
08/20/2020 01:21:52 PM [INFO] Homework name found
08/20/2020 01:21:52 PM [INFO] Homework status found
08/20/2020 01:21:52 PM [INFO] Success, message sent!
08/20/2020 01:31:52 PM [INFO] Success, bot created!
08/20/2020 01:31:52 PM [INFO] Success, data received!
08/20/2020 01:32:19 PM [INFO] Success, bot created!
08/20/2020 01:32:19 PM [INFO] Success, data received!
08/20/2020 01:32:48 PM [INFO] Success, bot created!
08/20/2020 01:32:48 PM [INFO] Success, data received!
08/20/2020 01:34:04 PM [INFO] Success, bot created!
08/20/2020 01:34:04 PM [INFO] Success, data received!
08/20/2020 01:34:04 PM [INFO] Homework found
08/20/2020 01:34:04 PM [INFO] Homework name found
08/20/2020 01:34:04 PM [INFO] Homework status found
08/20/2020 01:35:04 PM [INFO] Success, bot created!
08/20/2020 01:35:04 PM [INFO] Success, data received!
08/20/2020 01:35:04 PM [INFO] Homework found
08/20/2020 01:35:04 PM [INFO] Homework name found
08/20/2020 01:35:04 PM [INFO] Homework status found
08/20/2020 01:35:05 PM [INFO] Success, message sent!
08/20/2020 01:37:11 PM [INFO] Success, bot created!
08/20/2020 01:37:12 PM [INFO] Success, data received!
